_export_apks/mapping/releaseNoR8/configuration.txt
# The proguard configuration file for the following section is releaseNoR8/processReleaseNoR8Resources/aapt_rules.txt
-keep class androidx.core.app.CoreComponentFactory { <init>(); }
-keep class androidx.profileinstaller.ProfileInstallReceiver { <init>(); }
-keep class androidx.room.MultiInstanceInvalidationService { <init>(); }
-keep class androidx.startup.InitializationProvider { <init>(); }
-keep class com.mirfatif.permissionmanagerx.fwk.AboutActivityM { <init>(); }
-keep class com.mirfatif.permissionmanagerx.fwk.AdbConnectSvcM { <init>(); }
-keep class com.mirfatif.permissionmanagerx.fwk.AdvSettingsActivityM { <init>(); }
-keep class com.mirfatif.permissionmanagerx.fwk.AppM { <init>(); }
-keep class com.mirfatif.permissionmanagerx.fwk.CrashReportActivityM { <init>(); }
-keep class com.mirfatif.permissionmanagerx.fwk.DaemonRcvSvcM { <init>(); }
-keep class com.mirfatif.permissionmanagerx.fwk.FilterSettingsActivityM { <init>(); }
-keep class com.mirfatif.permissionmanagerx.fwk.HelpActivityM { <init>(); }
-keep class com.mirfatif.permissionmanagerx.fwk.LogcatSvcM { <init>(); }
-keep class com.mirfatif.permissionmanagerx.fwk.MainActivityM { <init>(); }
-keep class com.mirfatif.permissionmanagerx.fwk.PackageActivityM { <init>(); }
-keep class com.mirfatif.permissionmanagerx.fwk.SettingsActivityM { <init>(); }
-keep class android.widget.CheckBox { <init>(android.content.Context); }

-keep class android.widget.Space { <init>(android.content.Context, android.util.AttributeSet); }

-keep class androidx.appcompat.app.AlertController$RecycleListView { <init>(android.content.Context, android.util.AttributeSet); }

-keep class androidx.appcompat.view.menu.ActionMenuItemView { <init>(android.content.Context, android.util.AttributeSet); }

-keep class androidx.appcompat.view.menu.ExpandedMenuView { <init>(android.content.Context, android.util.AttributeSet); }

-keep class androidx.appcompat.view.menu.ListMenuItemView { <init>(android.content.Context, android.util.AttributeSet); }

-keep class androidx.appcompat.widget.ActionBarContainer { <init>(android.content.Context, android.util.AttributeSet); }

-keep class androidx.appcompat.widget.ActionBarContextView { <init>(android.content.Context, android.util.AttributeSet); }

-keep class androidx.appcompat.widget.ActionBarOverlayLayout { <init>(android.content.Context, android.util.AttributeSet); }

-keep class androidx.appcompat.widget.ActionMenuView { <init>(android.content.Context, android.util.AttributeSet); }

-keep class androidx.appcompat.widget.ActivityChooserView$InnerLayout { <init>(android.content.Context, android.util.AttributeSet); }

-keep class androidx.appcompat.widget.AlertDialogLayout { <init>(android.content.Context, android.util.AttributeSet); }

-keep class androidx.appcompat.widget.ButtonBarLayout { <init>(android.content.Context, android.util.AttributeSet); }

-keep class androidx.appcompat.widget.ContentFrameLayout { <init>(android.content.Context, android.util.AttributeSet); }

-keep class androidx.appcompat.widget.DialogTitle { <init>(android.content.Context, android.util.AttributeSet); }

-keep class androidx.appcompat.widget.FitWindowsFrameLayout { <init>(android.content.Context, android.util.AttributeSet); }

-keep class androidx.appcompat.widget.FitWindowsLinearLayout { <init>(android.content.Context, android.util.AttributeSet); }

-keep class androidx.appcompat.widget.SearchView$SearchAutoComplete { <init>(android.content.Context, android.util.AttributeSet); }

-keep class androidx.appcompat.widget.SwitchCompat { <init>(android.content.Context, android.util.AttributeSet); }

-keep class androidx.appcompat.widget.Toolbar { <init>(android.content.Context, android.util.AttributeSet); }

-keep class androidx.appcompat.widget.ViewStubCompat { <init>(android.content.Context, android.util.AttributeSet); }

-keep class androidx.browser.browseractions.BrowserActionsFallbackMenuView { <init>(android.content.Context, android.util.AttributeSet); }

-keep class androidx.constraintlayout.helper.widget.Flow { <init>(android.content.Context, android.util.AttributeSet); }

-keep class androidx.constraintlayout.widget.ConstraintLayout { <init>(android.content.Context, android.util.AttributeSet); }

-keep class androidx.coordinatorlayout.widget.CoordinatorLayout { <init>(android.content.Context, android.util.AttributeSet); }

-keep class androidx.core.widget.NestedScrollView { <init>(android.content.Context, android.util.AttributeSet); }

-keep class androidx.fragment.app.FragmentContainerView { <init>(android.content.Context, android.util.AttributeSet); }

-keep class androidx.preference.UnPressableLinearLayout { <init>(android.content.Context, android.util.AttributeSet); }

-keep class androidx.preference.internal.PreferenceImageView { <init>(android.content.Context, android.util.AttributeSet); }

-keep class androidx.recyclerview.widget.RecyclerView { <init>(android.content.Context, android.util.AttributeSet); }

-keep class androidx.swiperefreshlayout.widget.SwipeRefreshLayout { <init>(android.content.Context, android.util.AttributeSet); }

-keep class com.google.android.material.appbar.MaterialToolbar { <init>(android.content.Context, android.util.AttributeSet); }

-keep class com.google.android.material.button.MaterialButton { <init>(android.content.Context, android.util.AttributeSet); }

-keep class com.google.android.material.button.MaterialButtonToggleGroup { <init>(android.content.Context, android.util.AttributeSet); }

-keep class com.google.android.material.chip.Chip { <init>(android.content.Context, android.util.AttributeSet); }

-keep class com.google.android.material.datepicker.MaterialCalendarGridView { <init>(android.content.Context, android.util.AttributeSet); }

-keep class com.google.android.material.divider.MaterialDivider { <init>(android.content.Context, android.util.AttributeSet); }

-keep class com.google.android.material.internal.BaselineLayout { <init>(android.content.Context, android.util.AttributeSet); }

-keep class com.google.android.material.internal.CheckableImageButton { <init>(android.content.Context, android.util.AttributeSet); }

-keep class com.google.android.material.internal.ClippableRoundedCornerLayout { <init>(android.content.Context, android.util.AttributeSet); }

-keep class com.google.android.material.internal.NavigationMenuItemView { <init>(android.content.Context, android.util.AttributeSet); }

-keep class com.google.android.material.internal.NavigationMenuView { <init>(android.content.Context, android.util.AttributeSet); }

-keep class com.google.android.material.internal.TouchObserverFrameLayout { <init>(android.content.Context, android.util.AttributeSet); }

-keep class com.google.android.material.snackbar.Snackbar$SnackbarLayout { <init>(android.content.Context, android.util.AttributeSet); }

-keep class com.google.android.material.snackbar.SnackbarContentLayout { <init>(android.content.Context, android.util.AttributeSet); }

-keep class com.google.android.material.textfield.TextInputEditText { <init>(android.content.Context, android.util.AttributeSet); }

-keep class com.google.android.material.textfield.TextInputLayout { <init>(android.content.Context, android.util.AttributeSet); }

-keep class com.google.android.material.timepicker.ChipTextInputComboView { <init>(android.content.Context, android.util.AttributeSet); }

-keep class com.google.android.material.timepicker.ClockFaceView { <init>(android.content.Context, android.util.AttributeSet); }

-keep class com.google.android.material.timepicker.ClockHandView { <init>(android.content.Context, android.util.AttributeSet); }

-keep class com.google.android.material.timepicker.TimePickerView { <init>(android.content.Context, android.util.AttributeSet); }

-keep class com.mirfatif.permissionmanagerx.fwk.CustomButton { <init>(android.content.Context, android.util.AttributeSet); }

-keep class com.mirfatif.permissionmanagerx.fwk.DialogHelpIcon { <init>(android.content.Context, android.util.AttributeSet); }

-keep class com.mirfatif.permissionmanagerx.fwk.MyCoordinatorLayout { <init>(android.content.Context, android.util.AttributeSet); }

-keep class com.mirfatif.permissionmanagerx.fwk.MyDrawerLayout { <init>(android.content.Context, android.util.AttributeSet); }

-keep class com.mirfatif.permissionmanagerx.fwk.MyLinearLayout { <init>(android.content.Context, android.util.AttributeSet); }

-keep class com.mirfatif.permissionmanagerx.fwk.MyNavigationView { <init>(android.content.Context, android.util.AttributeSet); }

-keep class com.mirfatif.permissionmanagerx.fwk.MySearchView { <init>(android.content.Context); }

-keep class com.mirfatif.permissionmanagerx.fwk.MyWebView { <init>(android.content.Context, android.util.AttributeSet); }

-keep class com.mirfatif.permissionmanagerx.fwk.NumPickerPref { <init>(...); }

-keep class com.mirfatif.permissionmanagerx.fwk.ProgressLinearLayout { <init>(android.content.Context, android.util.AttributeSet); }


# End of content from releaseNoR8/processReleaseNoR8Resources/aapt_rules.txt
# The proguard configuration file for the following section is default_proguard_files/global/proguard-defaults.txt-8.12.2
# This is a configuration file for ProGuard.
# http://proguard.sourceforge.net/index.html#manual/usage.html
#
# Starting with version 2.2 of the Android plugin for Gradle, this file is distributed together with
# the plugin and unpacked at build-time. The files in $ANDROID_HOME are no longer maintained and
# will be ignored by new version of the Android plugin for Gradle.

# Optimizations can be turned on and off in the 'postProcessing' DSL block.
# The configuration below is applied if optimizations are enabled.
-allowaccessmodification

# Preserve some attributes that may be required for reflection.
-keepattributes AnnotationDefault,
                EnclosingMethod,
                InnerClasses,
                RuntimeVisibleAnnotations,
                RuntimeVisibleParameterAnnotations,
                RuntimeVisibleTypeAnnotations,
                Signature

-keep public class com.google.vending.licensing.ILicensingService
-keep public class com.android.vending.licensing.ILicensingService
-keep public class com.google.android.vending.licensing.ILicensingService
-dontnote com.android.vending.licensing.ILicensingService
-dontnote com.google.vending.licensing.ILicensingService
-dontnote com.google.android.vending.licensing.ILicensingService

# For native methods, see https://www.guardsquare.com/manual/configuration/examples#native
-keepclasseswithmembernames,includedescriptorclasses class * {
    native <methods>;
}

# Keep setters in Views so that animations can still work.
-keepclassmembers public class * extends android.view.View {
    void set*(***);
    *** get*();
}

# We want to keep methods in Activity that could be used in the XML attribute onClick.
-keepclassmembers class * extends android.app.Activity {
    public void *(android.view.View);
}

# For enumeration classes, see https://www.guardsquare.com/manual/configuration/examples#enumerations
-keepclassmembers enum * {
    public static **[] values();
    public static ** valueOf(java.lang.String);
}

-keepclassmembers class * implements android.os.Parcelable {
    public static final ** CREATOR;
}

# Preserve annotated Javascript interface methods.
-keepclassmembers class * {
    @android.webkit.JavascriptInterface <methods>;
}

# The support libraries contains references to newer platform versions.
# Don't warn about those in case this app is linking against an older
# platform version. We know about them, and they are safe.
-dontnote android.support.**
-dontnote androidx.**
-dontwarn android.support.**
-dontwarn androidx.**

# Understand the @Keep support annotation.
-keep class android.support.annotation.Keep

-keep @android.support.annotation.Keep class * {*;}

-keepclasseswithmembers class * {
    @android.support.annotation.Keep <methods>;
}

-keepclasseswithmembers class * {
    @android.support.annotation.Keep <fields>;
}

-keepclasseswithmembers class * {
    @android.support.annotation.Keep <init>(...);
}

# These classes are duplicated between android.jar and org.apache.http.legacy.jar.
-dontnote org.apache.http.**
-dontnote android.net.http.**

# These classes are duplicated between android.jar and core-lambda-stubs.jar.
-dontnote java.lang.invoke.**

# End of content from default_proguard_files/global/proguard-defaults.txt-8.12.2
# The proguard configuration file for the following section is transformed/databinding-runtime-8.12.2/proguard.txt
-dontwarn androidx.databinding.ViewDataBinding
-dontwarn androidx.databinding.ViewDataBinding$LiveDataListener

# instant apps load these via reflection so we need to keep them.
-keep public class * extends androidx.databinding.DataBinderMapper

# End of content from transformed/databinding-runtime-8.12.2/proguard.txt
# The proguard configuration file for the following section is exportReleaseConsumerProguardFiles/lib0/proguard.txt
-keep class com.mirfatif.privdaemon.Main {
  public static void main(java.lang.String[]);
}

# End of content from exportReleaseConsumerProguardFiles/lib0/proguard.txt
# The proguard configuration file for the following section is exportReleaseConsumerProguardFiles/lib0/proguard.txt
# Required for de-Serialization, must not be obfuscated.
-keepclassmembers class com.mirfatif.err.HiddenAPIsException {
    static final long serialVersionUID;
}

-dontwarn android.app.ActivityManagerNative
-dontwarn android.app.AppOpsManager$OpEntry
-dontwarn android.app.AppOpsManager$PackageOps
-dontwarn android.app.IActivityManager
-dontwarn android.app.IActivityManager$Stub
-dontwarn android.app.IApplicationThread
-dontwarn android.app.ProfilerInfo
-dontwarn android.content.pm.IPackageManager
-dontwarn android.content.pm.IPackageManager$Stub
-dontwarn android.content.pm.ParceledListSlice
-dontwarn android.os.IDeviceIdleController
-dontwarn android.os.IDeviceIdleController$Stub
-dontwarn android.os.ServiceManager
-dontwarn android.permission.IPermissionManager
-dontwarn android.permission.IPermissionManager$Stub
-dontwarn com.android.internal.app.IAppOpsService
-dontwarn com.android.internal.app.IAppOpsService$Stub

# End of content from exportReleaseConsumerProguardFiles/lib0/proguard.txt
# The proguard configuration file for the following section is transformed/preference-1.2.1/proguard.txt
# Copyright (C) 2015 The Android Open Source Project
#
# Licensed under the Apache License, Version 2.0 (the "License");
# you may not use this file except in compliance with the License.
# You may obtain a copy of the License at
#
#      http://www.apache.org/licenses/LICENSE-2.0
#
# Unless required by applicable law or agreed to in writing, software
# distributed under the License is distributed on an "AS IS" BASIS,
# WITHOUT WARRANTIES OR CONDITIONS OF ANY KIND, either express or implied.
# See the License for the specific language governing permissions and
# limitations under the License.

# Preference objects are inflated via reflection
-keep public class androidx.preference.Preference {
    public <init>(android.content.Context, android.util.AttributeSet);
}
-keep public class * extends androidx.preference.Preference {
    public <init>(android.content.Context, android.util.AttributeSet);
}

# End of content from transformed/preference-1.2.1/proguard.txt
# The proguard configuration file for the following section is transformed/material-1.13.0-rc01/proguard.txt
# Copyright (C) 2015 The Android Open Source Project
#
# Licensed under the Apache License, Version 2.0 (the "License");
# you may not use this file except in compliance with the License.
# You may obtain a copy of the License at
#
#      http://www.apache.org/licenses/LICENSE-2.0
#
# Unless required by applicable law or agreed to in writing, software
# distributed under the License is distributed on an "AS IS" BASIS,
# WITHOUT WARRANTIES OR CONDITIONS OF ANY KIND, either express or implied.
# See the License for the specific language governing permissions and
# limitations under the License.

# CoordinatorLayout resolves the behaviors of its child components with reflection.
-keep public class * extends androidx.coordinatorlayout.widget.CoordinatorLayout$Behavior {
    public <init>(android.content.Context, android.util.AttributeSet);
    public <init>();
}

# Make sure we keep annotations for CoordinatorLayout's DefaultBehavior
-keepattributes RuntimeVisible*Annotation*

# Copyright (C) 2018 The Android Open Source Project
#
# Licensed under the Apache License, Version 2.0 (the "License");
# you may not use this file except in compliance with the License.
# You may obtain a copy of the License at
#
#      http://www.apache.org/licenses/LICENSE-2.0
#
# Unless required by applicable law or agreed to in writing, software
# distributed under the License is distributed on an "AS IS" BASIS,
# WITHOUT WARRANTIES OR CONDITIONS OF ANY KIND, either express or implied.
# See the License for the specific language governing permissions and
# limitations under the License.

# AppCompatViewInflater reads the viewInflaterClass theme attribute which then
# reflectively instantiates MaterialComponentsViewInflater using the no-argument
# constructor. We only need to keep this constructor and the class name if
# AppCompatViewInflater is also being kept.
-if class androidx.appcompat.app.AppCompatViewInflater
-keep class com.google.android.material.theme.MaterialComponentsViewInflater {
    <init>();
}

# End of content from transformed/material-1.13.0-rc01/proguard.txt
# The proguard configuration file for the following section is transformed/appcompat-1.7.1/proguard.txt
# Copyright (C) 2018 The Android Open Source Project
#
# Licensed under the Apache License, Version 2.0 (the "License");
# you may not use this file except in compliance with the License.
# You may obtain a copy of the License at
#
#      http://www.apache.org/licenses/LICENSE-2.0
#
# Unless required by applicable law or agreed to in writing, software
# distributed under the License is distributed on an "AS IS" BASIS,
# WITHOUT WARRANTIES OR CONDITIONS OF ANY KIND, either express or implied.
# See the License for the specific language governing permissions and
# limitations under the License.

# Never inline methods, but allow shrinking and obfuscation.
-keepclassmembernames,allowobfuscation,allowshrinking class androidx.appcompat.widget.AppCompatTextViewAutoSizeHelper$Impl* {
  <methods>;
}

# End of content from transformed/appcompat-1.7.1/proguard.txt
# The proguard configuration file for the following section is transformed/recyclerview-1.4.0/proguard.txt
# Copyright (C) 2015 The Android Open Source Project
#
# Licensed under the Apache License, Version 2.0 (the "License");
# you may not use this file except in compliance with the License.
# You may obtain a copy of the License at
#
#      http://www.apache.org/licenses/LICENSE-2.0
#
# Unless required by applicable law or agreed to in writing, software
# distributed under the License is distributed on an "AS IS" BASIS,
# WITHOUT WARRANTIES OR CONDITIONS OF ANY KIND, either express or implied.
# See the License for the specific language governing permissions and
# limitations under the License.

# When layoutManager xml attribute is used, RecyclerView inflates
#LayoutManagers' constructors using reflection.
-keep public class * extends androidx.recyclerview.widget.RecyclerView$LayoutManager {
    public <init>(android.content.Context, android.util.AttributeSet, int, int);
    public <init>();
}

-keepclassmembers class androidx.recyclerview.widget.RecyclerView {
    public void suppressLayout(boolean);
    public boolean isLayoutSuppressed();
}
# End of content from transformed/recyclerview-1.4.0/proguard.txt
# The proguard configuration file for the following section is transformed/swiperefreshlayout-1.2.0-beta01/proguard.txt
# Intentionally empty proguard rules to indicate this library is safe to shrink