_export_apks/mapping/releaseNoR8/seeds.txt
androidx.appcompat.widget.SearchView: void setOnSearchClickListener(android.view.View$OnClickListener)
androidx.core.widget.CompoundButtonCompat$Api21Impl: void setButtonTintList(android.widget.CompoundButton,android.content.res.ColorStateList)
androidx.appcompat.widget.AppCompatSpinner: void setPopupBackgroundDrawable(android.graphics.drawable.Drawable)
androidx.core.app.NotificationCompatBuilder$Api24Impl: android.app.Notification$Builder setRemoteInputHistory(android.app.Notification$Builder,java.lang.CharSequence[])
android.support.v4.graphics.drawable.IconCompatParcelizer: androidx.core.graphics.drawable.IconCompat read(androidx.versionedparcelable.VersionedParcel)
androidx.vectordrawable.graphics.drawable.VectorDrawableCompat$VFullPath: float getTrimPathOffset()
com.mirfatif.permissionmanagerx.parser.permsdb.PermissionDatabase_Impl: PermissionDatabase_Impl()
org.chromium.support_lib_boundary.WebViewBuilderBoundaryInterface$Config: void accept(java.util.function.BiConsumer)
androidx.core.view.ViewCompat$Api26Impl: void addKeyboardNavigationClusters(android.view.View,java.util.Collection,int)
com.google.android.material.button.MaterialButton: void setBackgroundResource(int)
com.google.android.material.chip.Chip: void setEllipsize(android.text.TextUtils$TruncateAt)
androidx.core.app.NotificationCompatBuilder$Api26Impl: android.app.Notification$Builder setGroupAlertBehavior(android.app.Notification$Builder,int)
androidx.appcompat.widget.SearchView: int getSuggestionCommitIconResId()
androidx.core.app.NotificationCompatBuilder$Api29Impl: android.app.Notification$Builder setLocusId(android.app.Notification$Builder,java.lang.Object)
org.lsposed.hiddenapibypass.Helper$NeverCall: void b()
androidx.appcompat.widget.SwitchCompat: int getCompoundPaddingRight()
androidx.appcompat.widget.Toolbar: void setNavigationIcon(int)
com.google.android.material.chip.Chip: void setTextEndPadding(float)
androidx.drawerlayout.widget.DrawerLayout: void setStatusBarBackgroundColor(int)
androidx.constraintlayout.widget.ConstraintLayout: int getOptimizationLevel()
androidx.constraintlayout.helper.widget.Flow: void setHorizontalStyle(int)
com.google.android.material.shape.StateListSizeChange$SizeChangeType: com.google.android.material.shape.StateListSizeChange$SizeChangeType valueOf(java.lang.String)
com.google.android.material.textfield.TextInputLayout: void setPasswordVisibilityToggleEnabled(boolean)
androidx.core.graphics.drawable.DrawableCompat$Api21Impl: void inflate(android.graphics.drawable.Drawable,android.content.res.Resources,org.xmlpull.v1.XmlPullParser,android.util.AttributeSet,android.content.res.Resources$Theme)
androidx.core.view.accessibility.AccessibilityNodeInfoCompat$Api34Impl: void setAccessibilityDataSensitive(android.view.accessibility.AccessibilityNodeInfo,boolean)
androidx.core.view.ViewConfigurationCompat$Api34Impl: int getScaledMaximumFlingVelocity(android.view.ViewConfiguration,int,int,int)
org.chromium.support_lib_boundary.WebViewClientBoundaryInterface: void onPageCommitVisible(android.webkit.WebView,java.lang.String)
androidx.core.view.MenuItemCompat$Api26Impl: int getAlphabeticModifiers(android.view.MenuItem)
androidx.core.view.WindowInsetsCompat$BuilderImpl29: void setMandatorySystemGestureInsets(androidx.core.graphics.Insets)
com.google.android.material.checkbox.MaterialCheckBox: void setErrorAccessibilityLabelResource(int)
com.google.android.material.internal.CheckableImageButton: void setCheckable(boolean)
androidx.core.app.RemoteInput$Api29Impl: int getEditChoicesBeforeSending(java.lang.Object)
com.google.android.material.textfield.TextInputLayout: int getHintCurrentCollapsedTextColor()
com.google.android.material.radiobutton.MaterialRadioButton: android.content.res.ColorStateList getMaterialThemeColorsTintList()
com.google.android.material.internal.NavigationMenuItemView: void setCheckable(boolean)
com.google.android.material.transformation.ExpandableBehavior: ExpandableBehavior()