_export_apks/mapping/releaseNoR8/mapping.txt
# compiler: R8
# compiler_version: 8.12.14
# min_api: 24
# common_typos_disable
# {"id":"com.android.tools.r8.mapping","version":"2.2"}
# pg_map_id: 79c700d209963075be27b2582c9e58c6140df85732160444e4fefb6554f51023
# pg_map_hash: SHA-256 79c700d209963075be27b2582c9e58c6140df85732160444e4fefb6554f51023
...
kotlin.jvm.internal.TypeIntrinsics -> kotlin.jvm.internal.TypeIntrinsics:
# {"id":"sourceFile","fileName":"TypeIntrinsics.java"}
    207:207:java.util.Map asMutableMap(java.lang.Object) -> asMutableMap
    208:208:java.util.Map asMutableMap(java.lang.Object) -> asMutableMap
    210:210:java.util.Map asMutableMap(java.lang.Object) -> asMutableMap
    341:341:java.lang.Object beforeCheckcastToFunctionOfArity(java.lang.Object,int) -> beforeCheckcastToFunctionOfArity
    342:342:java.lang.Object beforeCheckcastToFunctionOfArity(java.lang.Object,int) -> beforeCheckcastToFunctionOfArity
    222:222:java.util.Map castToMap(java.lang.Object) -> castToMap
    225:225:java.util.Map castToMap(java.lang.Object) -> castToMap
    258:258:int getFunctionArity(java.lang.Object) -> getFunctionArity
    259:259:int getFunctionArity(java.lang.Object) -> getFunctionArity
    261:261:int getFunctionArity(java.lang.Object) -> getFunctionArity
    264:264:int getFunctionArity(java.lang.Object) -> getFunctionArity
    267:267:int getFunctionArity(java.lang.Object) -> getFunctionArity
    270:270:int getFunctionArity(java.lang.Object) -> getFunctionArity
    273:273:int getFunctionArity(java.lang.Object) -> getFunctionArity
    336:336:boolean isFunctionOfArity(java.lang.Object,int) -> isFunctionOfArity
    17:17:java.lang.Throwable sanitizeStackTrace(java.lang.Throwable) -> sanitizeStackTrace
    21:21:void throwCce(java.lang.Object,java.lang.String) -> throwCce
kotlin.jvm.internal.markers.KMappedMarker -> kotlin.jvm.internal.markers.KMappedMarker:
# {"id":"sourceFile","fileName":"KMarkers.kt"}
kotlin.jvm.internal.markers.KMutableMap -> kotlin.jvm.internal.markers.KMutableMap:
# {"id":"sourceFile","fileName":"KMarkers.kt"}
kotlin.random.AbstractPlatformRandom -> kotlin.random.AbstractPlatformRandom:
# {"id":"sourceFile","fileName":"PlatformRandom.kt"}
    35:35:void <init>() -> <init>
    42:42:int nextInt(int) -> nextInt
kotlin.random.FallbackThreadLocalRandom -> kotlin.random.FallbackThreadLocalRandom:
# {"id":"sourceFile","fileName":"PlatformRandom.kt"}
    50:50:void <init>() -> <init>
    51:51:void <init>() -> <init>
    56:56:java.util.Random getImpl() -> getImpl
kotlin.random.FallbackThreadLocalRandom$implStorage$1 -> kotlin.random.FallbackThreadLocalRandom$implStorage$1:
# {"id":"sourceFile","fileName":"PlatformRandom.kt"}
    51:51:void <init>() -> <init>
    51:51:java.lang.Object initialValue() -> initialValue
    52:52:java.util.Random initialValue() -> initialValue
kotlin.random.Random -> kotlin.random.Random:
# {"id":"sourceFile","fileName":"Random.kt"}
    273:273:void <clinit>() -> <clinit>
    21:21:kotlin.random.Random access$getDefaultRandom$cp() -> <init>
    21:21:void <init>():21 -> <init>
    21:21:kotlin.random.Random access$getDefaultRandom$cp() -> access$getDefaultRandom$cp
kotlin.random.Random$Default -> kotlin.random.Random$Default:
# {"id":"sourceFile","fileName":"Random.kt"}
    0:0:void <init>(kotlin.jvm.internal.DefaultConstructorMarker) -> <init>
    272:272:void <init>() -> <init>
    287:287:int nextInt(int) -> nextInt
kotlin.random.jdk8.PlatformThreadLocalRandom -> kotlin.random.jdk8.PlatformThreadLocalRandom:
# {"id":"sourceFile","fileName":"PlatformThreadLocalRandom.kt"}
    10:10:void <init>() -> <init>
    13:13:java.util.Random getImpl() -> getImpl