_export_apks/mapping/releaseNoR8/usage.txt
com.google.crypto.tink.jwt.JwtValidator
com.google.crypto.tink.jwt.RawJwt$1
com.google.crypto.tink.jwt.RawJwt$Builder
com.google.crypto.tink.jwt.RawJwt
com.google.crypto.tink.jwt.VerifiedJwt
com.google.crypto.tink.mac.AesCmacKey$1
com.google.crypto.tink.mac.AesCmacKey$Builder
com.google.crypto.tink.mac.AesCmacKey
com.google.crypto.tink.mac.AesCmacKeyManager$1
com.google.crypto.tink.mac.AesCmacKeyManager$2
com.google.crypto.tink.mac.AesCmacKeyManager
com.google.crypto.tink.mac.AesCmacParameters$1
com.google.crypto.tink.mac.AesCmacParameters$Builder
com.google.crypto.tink.mac.AesCmacParameters$Variant
com.google.crypto.tink.mac.AesCmacParameters
com.google.crypto.tink.mac.AesCmacProtoSerialization$1
com.google.crypto.tink.mac.AesCmacProtoSerialization
com.google.crypto.tink.mac.ChunkedMac
com.google.crypto.tink.mac.ChunkedMacComputation
com.google.crypto.tink.mac.ChunkedMacVerification
com.google.crypto.tink.mac.ChunkedMacWrapper$1
com.google.crypto.tink.mac.ChunkedMacWrapper$WrappedChunkedMac
com.google.crypto.tink.mac.ChunkedMacWrapper$WrappedChunkedMacVerification
com.google.crypto.tink.mac.ChunkedMacWrapper
com.google.crypto.tink.mac.HmacKey$1
com.google.crypto.tink.mac.HmacKey$Builder
com.google.crypto.tink.mac.HmacKey
com.google.crypto.tink.mac.HmacKeyManager$1
com.google.crypto.tink.mac.HmacKeyManager$2
com.google.crypto.tink.mac.HmacKeyManager$3
com.google.crypto.tink.mac.HmacKeyManager
com.google.crypto.tink.mac.HmacParameters$1
com.google.crypto.tink.mac.HmacParameters$Builder
com.google.crypto.tink.mac.HmacParameters$HashType
com.google.crypto.tink.mac.HmacParameters$Variant
com.google.crypto.tink.mac.HmacParameters
com.google.crypto.tink.mac.HmacProtoSerialization$1
com.google.crypto.tink.mac.HmacProtoSerialization
com.google.crypto.tink.mac.MacConfig
com.google.crypto.tink.mac.MacFactory
com.google.crypto.tink.mac.MacKey
com.google.crypto.tink.mac.MacKeyTemplates
com.google.crypto.tink.mac.MacParameters
com.google.crypto.tink.mac.MacWrapper$1
com.google.crypto.tink.mac.MacWrapper$WrappedMac
com.google.crypto.tink.mac.MacWrapper
com.google.crypto.tink.mac.internal.AesUtil
com.google.crypto.tink.mac.internal.ChunkedAesCmacComputation
com.google.crypto.tink.mac.internal.ChunkedAesCmacImpl
com.google.crypto.tink.mac.internal.ChunkedAesCmacVerification
com.google.crypto.tink.mac.internal.ChunkedHmacComputation
com.google.crypto.tink.mac.internal.ChunkedHmacImpl
com.google.crypto.tink.mac.internal.ChunkedHmacVerification
com.google.crypto.tink.monitoring.MonitoringAnnotations$1
com.google.crypto.tink.monitoring.MonitoringAnnotations$Builder
com.google.crypto.tink.monitoring.MonitoringAnnotations
com.google.crypto.tink.monitoring.MonitoringClient$Logger
com.google.crypto.tink.monitoring.MonitoringClient
com.google.crypto.tink.monitoring.MonitoringKeysetInfo$1
com.google.crypto.tink.monitoring.MonitoringKeysetInfo$Builder
com.google.crypto.tink.monitoring.MonitoringKeysetInfo$Entry
com.google.crypto.tink.monitoring.MonitoringKeysetInfo
com.google.crypto.tink.prf.AesCmacPrfKeyManager$1
com.google.crypto.tink.prf.AesCmacPrfKeyManager$2
com.google.crypto.tink.prf.AesCmacPrfKeyManager
com.google.crypto.tink.prf.HkdfPrfKey$1
com.google.crypto.tink.prf.HkdfPrfKey$Builder
com.google.crypto.tink.prf.HkdfPrfKey
com.google.crypto.tink.prf.HkdfPrfKeyManager$1
com.google.crypto.tink.prf.HkdfPrfKeyManager$2
com.google.crypto.tink.prf.HkdfPrfKeyManager$3
com.google.crypto.tink.prf.HkdfPrfKeyManager$4
com.google.crypto.tink.prf.HkdfPrfKeyManager
com.google.crypto.tink.prf.HkdfPrfParameters$1
com.google.crypto.tink.prf.HkdfPrfParameters$Builder
com.google.crypto.tink.prf.HkdfPrfParameters$HashType
com.google.crypto.tink.prf.HkdfPrfParameters
com.google.crypto.tink.prf.HkdfPrfProtoSerialization$1
com.google.crypto.tink.prf.HkdfPrfProtoSerialization
com.google.crypto.tink.prf.HmacPrfKeyManager$1
com.google.crypto.tink.prf.HmacPrfKeyManager$2
com.google.crypto.tink.prf.HmacPrfKeyManager$3
com.google.crypto.tink.prf.HmacPrfKeyManager